C:\GESTIONE GIOVANNI\STRUMENTI E METODI DEL PROGETTO\MO-S_4_STUDIO\BILLY_002-638-50.dwg,A721,25/05/2017 18:09:03,studioarchitetti,HP Designjet T1100 24in HPGL2,A2 (landscape),1:1,
C:\GESTIONE GIOVANNI\STRUMENTI E METODI DEL PROGETTO\MO-S_4_STUDIO\BILLY_002-638-50.dwg,A720,25/05/2017 18:10:58,studioarchitetti,HP Designjet T1100 24in HPGL2,A2 (landscape),1:1,
C:\GESTIONE GIOVANNI\STRUMENTI E METODI DEL PROGETTO\MO-S_4_STUDIO\BILLY_002-638-50.dwg,A722,25/05/2017 18:13:23,studioarchitetti,HP Designjet T1100 24in HPGL2,A2 (landscape),1:1,
C:\GESTIONE GIOVANNI\STRUMENTI E METODI DEL PROGETTO\MO-S_4_STUDIO\BILLY_002-638-50.dwg,A722,25/05/2017 18:19:27,studioarchitetti,AutoCAD PDF (General Documentation).pc3,ISO expand A2 (594.00 x 420.00 MM),1:1,
C:\GESTIONE GIOVANNI\STRUMENTI E METODI DEL PROGETTO\MO-S_4_STUDIO\BILLY_002-638-50.dwg,A720,25/05/2017 18:34:42,studioarchitetti,AutoCAD PDF (General Documentation).pc3,ISO expand A2 (594.00 x 420.00 MM),1:1,
C:\GESTIONE GIOVANNI\STRUMENTI E METODI DEL PROGETTO\MO-S_4_STUDIO\BILLY_002-638-50.dwg,A721,25/05/2017 18:34:43,studioarchitetti,AutoCAD PDF (General Documentation).pc3,ISO expand A2 (594.00 x 420.00 MM),1:1,
C:\GESTIONE GIOVANNI\STRUMENTI E METODI DEL PROGETTO\MO-S_4_STUDIO\BILLY_002-638-50.dwg,A722,25/05/2017 18:34:43,studioarchitetti,AutoCAD PDF (General Documentation).pc3,ISO expand A2 (594.00 x 420.00 MM),1:1,
C:\GESTIONE GIOVANNI\STRUMENTI E METODI DEL PROGETTO\MO-S_4_STUDIO\BILLY_002-638-50.dwg,A720,25/05/2017 18:37:12,studioarchitetti,AutoCAD PDF (General Documentation).pc3,ISO expand A2 (594.00 x 420.00 MM),1:1,
C:\GESTIONE GIOVANNI\STRUMENTI E METODI DEL PROGETTO\MO-S_4_STUDIO\BILLY_002-638-50.dwg,A721,25/05/2017 18:37:13,studioarchitetti,AutoCAD PDF (General Documentation).pc3,ISO expand A2 (594.00 x 420.00 MM),1:1,
C:\GESTIONE GIOVANNI\STRUMENTI E METODI DEL PROGETTO\MO-S_4_STUDIO\BILLY_002-638-50.dwg,A722,25/05/2017 18:37:13,studioarchitetti,AutoCAD PDF (General Documentation).pc3,ISO expand A2 (594.00 x 420.00 MM),1:1,
C:\GESTIONE GIOVANNI\STRUMENTI E METODI DEL PROGETTO\MO-S_4_STUDIO\BILLY_002-638-50.dwg,Model,05/06/2017 15:42:06,studioarchitetti,_AutoCAD PDF (General Documentation).pc3,ANSI A (8.50 x 11.00 Inches),1:807.56,
C:\GESTIONE GIOVANNI\STRUMENTI E METODI DEL PROGETTO\MO-S_4_STUDIO\BILLY_002-638-50.dwg,710,05/06/2017 15:42:10,studioarchitetti,_AutoCAD PDF (General Documentation).pc3,ISO expand A2 (594.00 x 420.00 MM),1:1,
C:\GESTIONE GIOVANNI\STRUMENTI E METODI DEL PROGETTO\MO-S_4_STUDIO\BILLY_002-638-50.dwg,A720,05/06/2017 15:42:15,studioarchitetti,_AutoCAD PDF (General Documentation).pc3,ISO expand A2 (594.00 x 420.00 MM),1:1,
C:\GESTIONE GIOVANNI\STRUMENTI E METODI DEL PROGETTO\MO-S_4_STUDIO\BILLY_002-638-50.dwg,A721,05/06/2017 15:42:20,studioarchitetti,_AutoCAD PDF (General Documentation).pc3,ISO expand A2 (594.00 x 420.00 MM),1:1,
C:\GESTIONE GIOVANNI\STRUMENTI E METODI DEL PROGETTO\MO-S_4_STUDIO\BILLY_002-638-50.dwg,A722,05/06/2017 15:42:25,studioarchitetti,_AutoCAD PDF (General Documentation).pc3,ISO expand A2 (594.00 x 420.00 MM),1:1,
C:\GESTIONE GIOVANNI\STRUMENTI E METODI DEL PROGETTO\MO-S_4_STUDIO\BILLY_002-638-50.dwg,Model,05/06/2017 15:55:13,studioarchitetti,_DWG To PDF.pc3,ANSI A (8.50 x 11.00 Inches),1:807.56,
C:\GESTIONE GIOVANNI\STRUMENTI E METODI DEL PROGETTO\MO-S_4_STUDIO\BILLY_002-638-50.dwg,710,05/06/2017 15:55:16,studioarchitetti,_DWG To PDF.pc3,ISO expand A2 (594.00 x 420.00 MM),1:1,
C:\GESTIONE GIOVANNI\STRUMENTI E METODI DEL PROGETTO\MO-S_4_STUDIO\BILLY_002-638-50.dwg,A720,05/06/2017 15:55:21,studioarchitetti,_DWG To PDF.pc3,ISO expand A2 (594.00 x 420.00 MM),1:1,
C:\GESTIONE GIOVANNI\STRUMENTI E METODI DEL PROGETTO\MO-S_4_STUDIO\BILLY_002-638-50.dwg,A721,05/06/2017 15:55:26,studioarchitetti,_DWG To PDF.pc3,ISO expand A2 (594.00 x 420.00 MM),1:1,
C:\GESTIONE GIOVANNI\STRUMENTI E METODI DEL PROGETTO\MO-S_4_STUDIO\BILLY_002-638-50.dwg,A722,05/06/2017 15:55:31,studioarchitetti,_DWG To PDF.pc3,ISO expand A2 (594.00 x 420.00 MM),1:1,
C:\GESTIONE GIOVANNI\STRUMENTI E METODI DEL PROGETTO\MO-S_4_STUDIO\MICKE_202.447.47.dwg,710,06/06/2017 10:06:55,studioarchitetti,_DWG To PDF.pc3,ISO expand A2 (594.00 x 420.00 MM),1:1,
C:\GESTIONE GIOVANNI\STRUMENTI E METODI DEL PROGETTO\MO-S_4_STUDIO\MICKE_202.447.47.dwg,A711,06/06/2017 10:06:58,studioarchitetti,_DWG To PDF.pc3,ISO expand A2 (594.00 x 420.00 MM),1:1,
C:\GESTIONE GIOVANNI\STRUMENTI E METODI DEL PROGETTO\MO-S_4_STUDIO\MICKE_202.447.47.dwg,A712,06/06/2017 10:07:03,studioarchitetti,_DWG To PDF.pc3,ISO expand A2 (594.00 x 420.00 MM),1:1,
C:\GESTIONE GIOVANNI\STRUMENTI E METODI DEL PROGETTO\MO-S_4_STUDIO\MICKE_202.447.47.dwg,A713,06/06/2017 10:07:08,studioarchitetti,_DWG To PDF.pc3,ISO expand A2 (594.00 x 420.00 MM),1:1,
C:\GESTIONE GIOVANNI\STRUMENTI E METODI DEL PROGETTO\MO-S_4_STUDIO\MICKE_202.447.47.dwg,A714,06/06/2017 10:07:13,studioarchitetti,_DWG To PDF.pc3,ISO expand A2 (594.00 x 420.00 MM),1:1,
C:\GESTIONE GIOVANNI\STRUMENTI E METODI DEL PROGETTO\MO-S_4_STUDIO\MICKE_202.447.47.dwg,A715,06/06/2017 10:07:18,studioarchitetti,_DWG To PDF.pc3,ISO expand A2 (594.00 x 420.00 MM),1:1,
C:\GESTIONE GIOVANNI\STRUMENTI E METODI DEL PROGETTO\MO-S_4_STUDIO\MICKE_202.447.47.dwg,710,06/06/2017 10:09:43,studioarchitetti,_DWG To PDF.pc3,ISO expand A2 (594.00 x 420.00 MM),1:1,
C:\GESTIONE GIOVANNI\STRUMENTI E METODI DEL PROGETTO\MO-S_4_STUDIO\MICKE_202.447.47.dwg,A711,06/06/2017 10:09:46,studioarchitetti,_DWG To PDF.pc3,ISO expand A2 (594.00 x 420.00 MM),1:1,
C:\GESTIONE GIOVANNI\STRUMENTI E METODI DEL PROGETTO\MO-S_4_STUDIO\MICKE_202.447.47.dwg,A712,06/06/2017 10:09:51,studioarchitetti,_DWG To PDF.pc3,ISO expand A2 (594.00 x 420.00 MM),1:1,
C:\GESTIONE GIOVANNI\STRUMENTI E METODI DEL PROGETTO\MO-S_4_STUDIO\MICKE_202.447.47.dwg,A713,06/06/2017 10:09:56,studioarchitetti,_DWG To PDF.pc3,ISO expand A2 (594.00 x 420.00 MM),1:1,
C:\GESTIONE GIOVANNI\STRUMENTI E METODI DEL PROGETTO\MO-S_4_STUDIO\MICKE_202.447.47.dwg,A714,06/06/2017 10:10:01,studioarchitetti,_DWG To PDF.pc3,ISO expand A2 (594.00 x 420.00 MM),1:1,
C:\GESTIONE GIOVANNI\STRUMENTI E METODI DEL PROGETTO\MO-S_4_STUDIO\MICKE_202.447.47.dwg,A715,06/06/2017 10:10:06,studioarchitetti,_DWG To PDF.pc3,ISO expand A2 (594.00 x 420.00 MM),1:1,
C:\GESTIONE GIOVANNI\STRUMENTI E METODI DEL PROGETTO\MO-S_4_STUDIO\MICKE_202.447.47.dwg,710,06/06/2017 10:13:14,studioarchitetti,_DWG To PDF.pc3,ISO expand A2 (594.00 x 420.00 MM),1:1,
C:\GESTIONE GIOVANNI\STRUMENTI E METODI DEL PROGETTO\MO-S_4_STUDIO\MICKE_202.447.47.dwg,A711,06/06/2017 10:13:17,studioarchitetti,_DWG To PDF.pc3,ISO expand A2 (594.00 x 420.00 MM),1:1,
C:\GESTIONE GIOVANNI\STRUMENTI E METODI DEL PROGETTO\MO-S_4_STUDIO\MICKE_202.447.47.dwg,A712,06/06/2017 10:13:22,studioarchitetti,_DWG To PDF.pc3,ISO expand A2 (594.00 x 420.00 MM),1:1,
C:\GESTIONE GIOVANNI\STRUMENTI E METODI DEL PROGETTO\MO-S_4_STUDIO\MICKE_202.447.47.dwg,A713,06/06/2017 10:13:27,studioarchitetti,_DWG To PDF.pc3,ISO expand A2 (594.00 x 420.00 MM),1:1,
C:\GESTIONE GIOVANNI\STRUMENTI E METODI DEL PROGETTO\MO-S_4_STUDIO\MICKE_202.447.47.dwg,A714,06/06/2017 10:13:32,studioarchitetti,_DWG To PDF.pc3,ISO expand A2 (594.00 x 420.00 MM),1:1,
C:\GESTIONE GIOVANNI\STRUMENTI E METODI DEL PROGETTO\MO-S_4_STUDIO\MICKE_202.447.47.dwg,A715,06/06/2017 10:13:37,studioarchitetti,_DWG To PDF.pc3,ISO expand A2 (594.00 x 420.00 MM),1:1,
C:\GESTIONE GIOVANNI\STRUMENTI E METODI DEL PROGETTO\MO-S_4_STUDIO\MICKE_202.447.47.dwg,710,06/06/2017 10:16:32,studioarchitetti,_DWG To PDF.pc3,ISO expand A2 (594.00 x 420.00 MM),1:1,
C:\GESTIONE GIOVANNI\STRUMENTI E METODI DEL PROGETTO\MO-S_4_STUDIO\MICKE_202.447.47.dwg,A711,06/06/2017 10:16:35,studioarchitetti,_DWG To PDF.pc3,ISO expand A2 (594.00 x 420.00 MM),1:1,
C:\GESTIONE GIOVANNI\STRUMENTI E METODI DEL PROGETTO\MO-S_4_STUDIO\MICKE_202.447.47.dwg,A712,06/06/2017 10:16:40,studioarchitetti,_DWG To PDF.pc3,ISO expand A2 (594.00 x 420.00 MM),1:1,
C:\GESTIONE GIOVANNI\STRUMENTI E METODI DEL PROGETTO\MO-S_4_STUDIO\MICKE_202.447.47.dwg,A713,06/06/2017 10:16:45,studioarchitetti,_DWG To PDF.pc3,ISO expand A2 (594.00 x 420.00 MM),1:1,
C:\GESTIONE GIOVANNI\STRUMENTI E METODI DEL PROGETTO\MO-S_4_STUDIO\MICKE_202.447.47.dwg,A714,06/06/2017 10:16:50,studioarchitetti,_DWG To PDF.pc3,ISO expand A2 (594.00 x 420.00 MM),1:1,
C:\GESTIONE GIOVANNI\STRUMENTI E METODI DEL PROGETTO\MO-S_4_STUDIO\MICKE_202.447.47.dwg,A715,06/06/2017 10:16:55,studioarchitetti,_DWG To PDF.pc3,ISO expand A2 (594.00 x 420.00 MM),1:1,
C:\GESTIONE GIOVANNI\STRUMENTI E METODI DEL PROGETTO\MO-S_4_STUDIO\MICKE_202.447.47.dwg,710,06/06/2017 10:47:26,studioarchitetti,_DWG To PDF.pc3,ISO expand A2 (594.00 x 420.00 MM),1:1,
C:\GESTIONE GIOVANNI\STRUMENTI E METODI DEL PROGETTO\MO-S_4_STUDIO\MICKE_202.447.47.dwg,A711,06/06/2017 10:47:30,studioarchitetti,_DWG To PDF.pc3,ISO expand A2 (594.00 x 420.00 MM),1:1,
C:\GESTIONE GIOVANNI\STRUMENTI E METODI DEL PROGETTO\MO-S_4_STUDIO\MICKE_202.447.47.dwg,A712,06/06/2017 10:47:35,studioarchitetti,_DWG To PDF.pc3,ISO expand A2 (594.00 x 420.00 MM),1:1,
C:\GESTIONE GIOVANNI\STRUMENTI E METODI DEL PROGETTO\MO-S_4_STUDIO\MICKE_202.447.47.dwg,A713,06/06/2017 10:47:40,studioarchitetti,_DWG To PDF.pc3,ISO expand A2 (594.00 x 420.00 MM),1:1,
C:\GESTIONE GIOVANNI\STRUMENTI E METODI DEL PROGETTO\MO-S_4_STUDIO\MICKE_202.447.47.dwg,A714,06/06/2017 10:47:45,studioarchitetti,_DWG To PDF.pc3,ISO expand A2 (594.00 x 420.00 MM),1:1,
C:\GESTIONE GIOVANNI\STRUMENTI E METODI DEL PROGETTO\MO-S_4_STUDIO\MICKE_202.447.47.dwg,715,06/06/2017 10:47:50,studioarchitetti,_DWG To PDF.pc3,ISO expand A2 (594.00 x 420.00 MM),1:1,
C:\GESTIONE GIOVANNI\STRUMENTI E METODI DEL PROGETTO\MO-S_4_STUDIO\MICKE_202.447.47.dwg,710,06/06/2017 10:49:22,studioarchitetti,_DWG To PDF.pc3,ISO expand A2 (594.00 x 420.00 MM),1:1,
C:\GESTIONE GIOVANNI\STRUMENTI E METODI DEL PROGETTO\MO-S_4_STUDIO\MICKE_202.447.47.dwg,A711,06/06/2017 10:49:25,studioarchitetti,_DWG To PDF.pc3,ISO expand A2 (594.00 x 420.00 MM),1:1,
C:\GESTIONE GIOVANNI\STRUMENTI E METODI DEL PROGETTO\MO-S_4_STUDIO\MICKE_202.447.47.dwg,A712,06/06/2017 10:49:30,studioarchitetti,_DWG To PDF.pc3,ISO expand A2 (594.00 x 420.00 MM),1:1,
C:\GESTIONE GIOVANNI\STRUMENTI E METODI DEL PROGETTO\MO-S_4_STUDIO\MICKE_202.447.47.dwg,A713,06/06/2017 10:49:35,studioarchitetti,_DWG To PDF.pc3,ISO expand A2 (594.00 x 420.00 MM),1:1,
C:\GESTIONE GIOVANNI\STRUMENTI E METODI DEL PROGETTO\MO-S_4_STUDIO\MICKE_202.447.47.dwg,A714,06/06/2017 10:49:40,studioarchitetti,_DWG To PDF.pc3,ISO expand A2 (594.00 x 420.00 MM),1:1,
C:\GESTIONE GIOVANNI\STRUMENTI E METODI DEL PROGETTO\MO-S_4_STUDIO\MICKE_202.447.47.dwg,715,06/06/2017 10:49:45,studioarchitetti,_DWG To PDF.pc3,ISO expand A2 (594.00 x 420.00 MM),1:1,
C:\GESTIONE GIOVANNI\STRUMENTI E METODI DEL PROGETTO\MO-S_4_STUDIO\MICKE_202.447.47.dwg,Model,06/06/2017 10:56:47,studioarchitetti,_DWG To PDF.pc3,ANSI A (8.50 x 11.00 Inches),1:333.452,
C:\GESTIONE GIOVANNI\STRUMENTI E METODI DEL PROGETTO\MO-S_4_STUDIO\MICKE_202.447.47.dwg,A710,06/06/2017 10:56:50,studioarchitetti,_DWG To PDF.pc3,ISO expand A2 (594.00 x 420.00 MM),1:1,
C:\GESTIONE GIOVANNI\STRUMENTI E METODI DEL PROGETTO\MO-S_4_STUDIO\MICKE_202.447.47.dwg,A711,06/06/2017 10:56:55,studioarchitetti,_DWG To PDF.pc3,ISO expand A2 (594.00 x 420.00 MM),1:1,
C:\GESTIONE GIOVANNI\STRUMENTI E METODI DEL PROGETTO\MO-S_4_STUDIO\MICKE_202.447.47.dwg,A712,06/06/2017 10:57:00,studioarchitetti,_DWG To PDF.pc3,ISO expand A2 (594.00 x 420.00 MM),1:1,
C:\GESTIONE GIOVANNI\STRUMENTI E METODI DEL PROGETTO\MO-S_4_STUDIO\MICKE_202.447.47.dwg,A713,06/06/2017 10:57:05,studioarchitetti,_DWG To PDF.pc3,ISO expand A2 (594.00 x 420.00 MM),1:1,
C:\GESTIONE GIOVANNI\STRUMENTI E METODI DEL PROGETTO\MO-S_4_STUDIO\MICKE_202.447.47.dwg,A714,06/06/2017 10:57:10,studioarchitetti,_DWG To PDF.pc3,ISO expand A2 (594.00 x 420.00 MM),1:1,
C:\GESTIONE GIOVANNI\STRUMENTI E METODI DEL PROGETTO\MO-S_4_STUDIO\MICKE_202.447.47.dwg,A715,06/06/2017 10:57:15,studioarchitetti,_DWG To PDF.pc3,ISO expand A2 (594.00 x 420.00 MM),1:1,
C:\GESTIONE GIOVANNI\STRUMENTI E METODI DEL PROGETTO\MO-S_4_STUDIO\MICKE_202.447.47.dwg,Model,06/06/2017 10:58:23,studioarchitetti,_DWG To PDF.pc3,ANSI A (8.50 x 11.00 Inches),1:333.452,
C:\GESTIONE GIOVANNI\STRUMENTI E METODI DEL PROGETTO\MO-S_4_STUDIO\MICKE_202.447.47.dwg,A710,06/06/2017 10:58:26,studioarchitetti,_DWG To PDF.pc3,ISO expand A2 (594.00 x 420.00 MM),1:1,
C:\GESTIONE GIOVANNI\STRUMENTI E METODI DEL PROGETTO\MO-S_4_STUDIO\MICKE_202.447.47.dwg,A711,06/06/2017 10:58:31,studioarchitetti,_DWG To PDF.pc3,ISO expand A2 (594.00 x 420.00 MM),1:1,
C:\GESTIONE GIOVANNI\STRUMENTI E METODI DEL PROGETTO\MO-S_4_STUDIO\MICKE_202.447.47.dwg,A712,06/06/2017 10:58:36,studioarchitetti,_DWG To PDF.pc3,ISO expand A2 (594.00 x 420.00 MM),1:1,
C:\GESTIONE GIOVANNI\STRUMENTI E METODI DEL PROGETTO\MO-S_4_STUDIO\MICKE_202.447.47.dwg,A713,06/06/2017 10:58:41,studioarchitetti,_DWG To PDF.pc3,ISO expand A2 (594.00 x 420.00 MM),1:1,
C:\GESTIONE GIOVANNI\STRUMENTI E METODI DEL PROGETTO\MO-S_4_STUDIO\MICKE_202.447.47.dwg,A714,06/06/2017 10:58:46,studioarchitetti,_DWG To PDF.pc3,ISO expand A2 (594.00 x 420.00 MM),1:1,
C:\GESTIONE GIOVANNI\STRUMENTI E METODI DEL PROGETTO\MO-S_4_STUDIO\MICKE_202.447.47.dwg,A715,06/06/2017 10:58:51,studioarchitetti,_DWG To PDF.pc3,ISO expand A2 (594.00 x 420.00 MM),1:1,
C:\GESTIONE GIOVANNI\STRUMENTI E METODI DEL PROGETTO\MO-S_4_STUDIO\MICKE_202.447.47.dwg,A710,06/06/2017 10:59:54,studioarchitetti,_DWG To PDF.pc3,ISO expand A2 (594.00 x 420.00 MM),1:1,
C:\GESTIONE GIOVANNI\STRUMENTI E METODI DEL PROGETTO\MO-S_4_STUDIO\MICKE_202.447.47.dwg,A711,06/06/2017 10:59:57,studioarchitetti,_DWG To PDF.pc3,ISO expand A2 (594.00 x 420.00 MM),1:1,
C:\GESTIONE GIOVANNI\STRUMENTI E METODI DEL PROGETTO\MO-S_4_STUDIO\MICKE_202.447.47.dwg,A712,06/06/2017 11:00:02,studioarchitetti,_DWG To PDF.pc3,ISO expand A2 (594.00 x 420.00 MM),1:1,
C:\GESTIONE GIOVANNI\STRUMENTI E METODI DEL PROGETTO\MO-S_4_STUDIO\MICKE_202.447.47.dwg,A713,06/06/2017 11:00:07,studioarchitetti,_DWG To PDF.pc3,ISO expand A2 (594.00 x 420.00 MM),1:1,
C:\GESTIONE GIOVANNI\STRUMENTI E METODI DEL PROGETTO\MO-S_4_STUDIO\MICKE_202.447.47.dwg,A714,06/06/2017 11:00:12,studioarchitetti,_DWG To PDF.pc3,ISO expand A2 (594.00 x 420.00 MM),1:1,
C:\GESTIONE GIOVANNI\STRUMENTI E METODI DEL PROGETTO\MO-S_4_STUDIO\MICKE_202.447.47.dwg,A715,06/06/2017 11:00:17,studioarchitetti,_DWG To PDF.pc3,ISO expand A2 (594.00 x 420.00 MM),1:1,
C:\GESTIONE GIOVANNI\STRUMENTI E METODI DEL PROGETTO\MO-S_4\MO-S_4\MO-S_4\MO-S_4.dwg,A101,06/06/2017 11:02:25,studioarchitetti,_DWG To PDF.pc3,ISO full bleed A2 (594.00 x 420.00 MM),1:1,
C:\GESTIONE GIOVANNI\STRUMENTI E METODI DEL PROGETTO\MO-S_4\MO-S_4\MO-S_4\MO-S_4.dwg,A201,06/06/2017 11:02:28,studioarchitetti,_DWG To PDF.pc3,ISO A2 (594.00 x 420.00 MM),1:1,
C:\GESTIONE GIOVANNI\STRUMENTI E METODI DEL PROGETTO\MO-S_4\MO-S_4\MO-S_4\MO-S_4.dwg,A301,06/06/2017 11:02:33,studioarchitetti,_DWG To PDF.pc3,ISO A2 (594.00 x 420.00 MM),1:1,
C:\GESTIONE GIOVANNI\STRUMENTI E METODI DEL PROGETTO\MO-S_4_STUDIO\MICKE_202.447.47.dwg,A710,06/06/2017 11:04:33,studioarchitetti,_DWG To PDF.pc3,ISO expand A2 (594.00 x 420.00 MM),1:1,
C:\GESTIONE GIOVANNI\STRUMENTI E METODI DEL PROGETTO\MO-S_4_STUDIO\MICKE_202.447.47.dwg,A711,06/06/2017 11:04:36,studioarchitetti,_DWG To PDF.pc3,ISO expand A2 (594.00 x 420.00 MM),1:1,
C:\GESTIONE GIOVANNI\STRUMENTI E METODI DEL PROGETTO\MO-S_4_STUDIO\MICKE_202.447.47.dwg,A712,06/06/2017 11:04:41,studioarchitetti,_DWG To PDF.pc3,ISO expand A2 (594.00 x 420.00 MM),1:1,
C:\GESTIONE GIOVANNI\STRUMENTI E METODI DEL PROGETTO\MO-S_4_STUDIO\MICKE_202.447.47.dwg,A713,06/06/2017 11:04:46,studioarchitetti,_DWG To PDF.pc3,ISO expand A2 (594.00 x 420.00 MM),1:1,
C:\GESTIONE GIOVANNI\STRUMENTI E METODI DEL PROGETTO\MO-S_4_STUDIO\MICKE_202.447.47.dwg,A714,06/06/2017 11:04:51,studioarchitetti,_DWG To PDF.pc3,ISO expand A2 (594.00 x 420.00 MM),1:1,
C:\GESTIONE GIOVANNI\STRUMENTI E METODI DEL PROGETTO\MO-S_4_STUDIO\MICKE_202.447.47.dwg,A715,06/06/2017 11:04:56,studioarchitetti,_DWG To PDF.pc3,ISO expand A2 (594.00 x 420.00 MM),1:1,
C:\GESTIONE GIOVANNI\STRUMENTI E METODI DEL PROGETTO\MO-S_4_STUDIO\BILLY_002-638-50.dwg,A710,06/06/2017 11:09:43,studioarchitetti,_DWG To PDF.pc3,ISO expand A2 (594.00 x 420.00 MM),1:1,
C:\GESTIONE GIOVANNI\STRUMENTI E METODI DEL PROGETTO\MO-S_4_STUDIO\BILLY_002-638-50.dwg,A720,06/06/2017 11:09:46,studioarchitetti,_DWG To PDF.pc3,ISO expand A2 (594.00 x 420.00 MM),1:1,
C:\GESTIONE GIOVANNI\STRUMENTI E METODI DEL PROGETTO\MO-S_4_STUDIO\BILLY_002-638-50.dwg,A721,06/06/2017 11:09:51,studioarchitetti,_DWG To PDF.pc3,ISO expand A2 (594.00 x 420.00 MM),1:1,
C:\GESTIONE GIOVANNI\STRUMENTI E METODI DEL PROGETTO\MO-S_4_STUDIO\BILLY_002-638-50.dwg,A722,06/06/2017 11:09:56,studioarchitetti,_DWG To PDF.pc3,ISO expand A2 (594.00 x 420.00 MM),1:1,
C:\GESTIONE GIOVANNI\STRUMENTI E METODI DEL PROGETTO\MO-S_4_STUDIO\MICKE_202.447.47.dwg,A710,06/06/2017 11:12:58,studioarchitetti,_DWG To PDF.pc3,ISO expand A2 (594.00 x 420.00 MM),1:1,
C:\GESTIONE GIOVANNI\STRUMENTI E METODI DEL PROGETTO\MO-S_4_STUDIO\MICKE_202.447.47.dwg,A711,06/06/2017 11:13:01,studioarchitetti,_DWG To PDF.pc3,ISO expand A2 (594.00 x 420.00 MM),1:1,
C:\GESTIONE GIOVANNI\STRUMENTI E METODI DEL PROGETTO\MO-S_4_STUDIO\MICKE_202.447.47.dwg,A712,06/06/2017 11:13:06,studioarchitetti,_DWG To PDF.pc3,ISO expand A2 (594.00 x 420.00 MM),1:1,
C:\GESTIONE GIOVANNI\STRUMENTI E METODI DEL PROGETTO\MO-S_4_STUDIO\MICKE_202.447.47.dwg,A713,06/06/2017 11:13:11,studioarchitetti,_DWG To PDF.pc3,ISO expand A2 (594.00 x 420.00 MM),1:1,
C:\GESTIONE GIOVANNI\STRUMENTI E METODI DEL PROGETTO\MO-S_4_STUDIO\MICKE_202.447.47.dwg,A714,06/06/2017 11:13:16,studioarchitetti,_DWG To PDF.pc3,ISO expand A2 (594.00 x 420.00 MM),1:1,
C:\GESTIONE GIOVANNI\STRUMENTI E METODI DEL PROGETTO\MO-S_4_STUDIO\MICKE_202.447.47.dwg,A715,06/06/2017 11:13:21,studioarchitetti,_DWG To PDF.pc3,ISO expand A2 (594.00 x 420.00 MM),1:1,
C:\GESTIONE GIOVANNI\STRUMENTI E METODI DEL PROGETTO\MO-S_4_STUDIO\JULES_292-077-12_.dwg,710,06/06/2017 11:19:05,studioarchitetti,_DWG To PDF.pc3,ISO expand A2 (594.00 x 420.00 MM),1:1,
C:\GESTIONE GIOVANNI\STRUMENTI E METODI DEL PROGETTO\MO-S_4_STUDIO\JULES_292-077-12_.dwg,A730,06/06/2017 11:19:08,studioarchitetti,_DWG To PDF.pc3,ISO expand A2 (594.00 x 420.00 MM),1:1,
C:\GESTIONE GIOVANNI\STRUMENTI E METODI DEL PROGETTO\MO-S_4_STUDIO\JULES_292-077-12_.dwg,A731,06/06/2017 11:19:13,studioarchitetti,_DWG To PDF.pc3,ISO expand A2 (594.00 x 420.00 MM),1:1,
C:\GESTIONE GIOVANNI\STRUMENTI E METODI DEL PROGETTO\MO-S_4\MO-S_4\MO-S_4\MO-S_4.dwg,A101,06/06/2017 11:26:46,studioarchitetti,_DWG To PDF.pc3,ISO full bleed A2 (594.00 x 420.00 MM),1:1,
C:\GESTIONE GIOVANNI\STRUMENTI E METODI DEL PROGETTO\MO-S_4\MO-S_4\MO-S_4\MO-S_4.dwg,A201,06/06/2017 11:26:50,studioarchitetti,_DWG To PDF.pc3,ISO full bleed A2 (594.00 x 420.00 MM),1:1,
C:\GESTIONE GIOVANNI\STRUMENTI E METODI DEL PROGETTO\MO-S_4\MO-S_4\MO-S_4\MO-S_4.dwg,A301,06/06/2017 11:26:55,studioarchitetti,_DWG To PDF.pc3,ISO full bleed A2 (594.00 x 420.00 MM),1:1,
C:\GESTIONE GIOVANNI\STRUMENTI E METODI DEL PROGETTO\MO-S_4\MO-S_4\MO-S_4\MO-S_4.dwg,A101,06/06/2017 11:30:51,studioarchitetti,_DWG To PDF.pc3,ISO full bleed A2 (594.00 x 420.00 MM),1:1,
C:\GESTIONE GIOVANNI\STRUMENTI E METODI DEL PROGETTO\MO-S_4\MO-S_4\MO-S_4\MO-S_4.dwg,A201,06/06/2017 11:30:55,studioarchitetti,_DWG To PDF.pc3,ISO full bleed A2 (594.00 x 420.00 MM),1:1,
C:\GESTIONE GIOVANNI\STRUMENTI E METODI DEL PROGETTO\MO-S_4\MO-S_4\MO-S_4\MO-S_4.dwg,A301,06/06/2017 11:31:00,studioarchitetti,_DWG To PDF.pc3,ISO full bleed A2 (594.00 x 420.00 MM),1:1,
C:\GESTIONE GIOVANNI\STRUMENTI E METODI DEL PROGETTO\MO-S_4\MO-S_4\MO-S_4\MO-S_4.dwg,A301,06/06/2017 12:21:48,studioarchitetti,_DWG To PDF.pc3,ISO full bleed A2 (594.00 x 420.00 MM),1:1,
C:\GESTIONE GIOVANNI\STRUMENTI E METODI DEL PROGETTO\MO-S_4\MO-S_4\MO-S_4\MO-S_4.dwg,A201,06/06/2017 12:21:51,studioarchitetti,_DWG To PDF.pc3,ISO full bleed A2 (594.00 x 420.00 MM),1:1,
C:\GESTIONE GIOVANNI\STRUMENTI E METODI DEL PROGETTO\MO-S_4\MO-S_4\MO-S_4\MO-S_4.dwg,A101,06/06/2017 12:21:56,studioarchitetti,_DWG To PDF.pc3,ISO full bleed A2 (594.00 x 420.00 MM),1:1,
C:\GESTIONE GIOVANNI\STRUMENTI E METODI DEL PROGETTO\MO-S_4\MO-S_4\MO-S_4\MO-S_4.dwg,A101,06/06/2017 12:23:51,studioarchitetti,_DWG To PDF.pc3,ISO full bleed A2 (594.00 x 420.00 MM),1:1,
C:\GESTIONE GIOVANNI\STRUMENTI E METODI DEL PROGETTO\MO-S_4\MO-S_4\MO-S_4\MO-S_4.dwg,A201,06/06/2017 12:23:54,studioarchitetti,_DWG To PDF.pc3,ISO full bleed A2 (594.00 x 420.00 MM),1:1,
C:\GESTIONE GIOVANNI\STRUMENTI E METODI DEL PROGETTO\MO-S_4\MO-S_4\MO-S_4\MO-S_4.dwg,A301,06/06/2017 12:23:59,studioarchitetti,_DWG To PDF.pc3,ISO full bleed A2 (594.00 x 420.00 MM),1:1,
C:\GESTIONE GIOVANNI\STRUMENTI E METODI DEL PROGETTO\MO-S_4_STUDIO\MICKE_202.447.47.dwg,A710,06/06/2017 12:35:58,studioarchitetti,_DWG To PDF.pc3,ISO full bleed A2 (594.00 x 420.00 MM),1:1,
C:\GESTIONE GIOVANNI\STRUMENTI E METODI DEL PROGETTO\MO-S_4_STUDIO\MICKE_202.447.47.dwg,A711,06/06/2017 12:36:00,studioarchitetti,_DWG To PDF.pc3,ISO full bleed A2 (594.00 x 420.00 MM),1:1,
C:\GESTIONE GIOVANNI\STRUMENTI E METODI DEL PROGETTO\MO-S_4_STUDIO\MICKE_202.447.47.dwg,A712,06/06/2017 12:36:05,studioarchitetti,_DWG To PDF.pc3,ISO full bleed A2 (594.00 x 420.00 MM),1:1,
C:\GESTIONE GIOVANNI\STRUMENTI E METODI DEL PROGETTO\MO-S_4_STUDIO\MICKE_202.447.47.dwg,A713,06/06/2017 12:36:10,studioarchitetti,_DWG To PDF.pc3,ISO full bleed A2 (594.00 x 420.00 MM),1:1,
C:\GESTIONE GIOVANNI\STRUMENTI E METODI DEL PROGETTO\MO-S_4_STUDIO\MICKE_202.447.47.dwg,A714,06/06/2017 12:36:15,studioarchitetti,_DWG To PDF.pc3,ISO full bleed A2 (594.00 x 420.00 MM),1:1,
C:\GESTIONE GIOVANNI\STRUMENTI E METODI DEL PROGETTO\MO-S_4_STUDIO\MICKE_202.447.47.dwg,A715,06/06/2017 12:36:20,studioarchitetti,_DWG To PDF.pc3,ISO full bleed A2 (594.00 x 420.00 MM),1:1,
C:\GESTIONE GIOVANNI\STRUMENTI E METODI DEL PROGETTO\MO-S_4_STUDIO\BILLY_002-638-50.dwg,A710,13/06/2017 08:33:30,studioarchitetti,_DWG To PDF.pc3,ISO expand A2 (594.00 x 420.00 MM),1:1,
C:\GESTIONE GIOVANNI\STRUMENTI E METODI DEL PROGETTO\MO-S_4_STUDIO\BILLY_002-638-50.dwg,A720,13/06/2017 08:33:33,studioarchitetti,_DWG To PDF.pc3,ISO expand A2 (594.00 x 420.00 MM),1:1,
C:\GESTIONE GIOVANNI\STRUMENTI E METODI DEL PROGETTO\MO-S_4_STUDIO\BILLY_002-638-50.dwg,A721,13/06/2017 08:33:38,studioarchitetti,_DWG To PDF.pc3,ISO expand A2 (594.00 x 420.00 MM),1:1,
C:\GESTIONE GIOVANNI\STRUMENTI E METODI DEL PROGETTO\MO-S_4_STUDIO\BILLY_002-638-50.dwg,A722,13/06/2017 08:33:43,studioarchitetti,_DWG To PDF.pc3,ISO expand A2 (594.00 x 420.00 MM),1:1,
C:\GESTIONE GIOVANNI\STRUMENTI E METODI DEL PROGETTO\MO-S_4_STUDIO\BILLY_002-638-50.dwg,A710,13/06/2017 08:37:07,studioarchitetti,_DWG To PDF.pc3,ISO expand A2 (594.00 x 420.00 MM),1:1,
C:\GESTIONE GIOVANNI\STRUMENTI E METODI DEL PROGETTO\MO-S_4_STUDIO\BILLY_002-638-50.dwg,A720,13/06/2017 08:37:11,studioarchitetti,_DWG To PDF.pc3,ISO expand A2 (594.00 x 420.00 MM),1:1,
C:\GESTIONE GIOVANNI\STRUMENTI E METODI DEL PROGETTO\MO-S_4_STUDIO\BILLY_002-638-50.dwg,A721,13/06/2017 08:37:16,studioarchitetti,_DWG To PDF.pc3,ISO expand A2 (594.00 x 420.00 MM),1:1,
C:\GESTIONE GIOVANNI\STRUMENTI E METODI DEL PROGETTO\MO-S_4_STUDIO\BILLY_002-638-50.dwg,A722,13/06/2017 08:37:21,studioarchitetti,_DWG To PDF.pc3,ISO expand A2 (594.00 x 420.00 MM),1:1,
C:\GESTIONE GIOVANNI\STRUMENTI E METODI DEL PROGETTO\MO-S_4_STUDIO\BILLY_002-638-50.dwg,A710,13/06/2017 08:45:23,studioarchitetti,_DWG To PDF.pc3,ISO full bleed A2 (594.00 x 420.00 MM),1:1,
C:\GESTIONE GIOVANNI\STRUMENTI E METODI DEL PROGETTO\MO-S_4_STUDIO\BILLY_002-638-50.dwg,A720,13/06/2017 08:45:27,studioarchitetti,_DWG To PDF.pc3,ISO full bleed A2 (594.00 x 420.00 MM),1:1,
C:\GESTIONE GIOVANNI\STRUMENTI E METODI DEL PROGETTO\MO-S_4_STUDIO\BILLY_002-638-50.dwg,A721,13/06/2017 08:45:32,studioarchitetti,_DWG To PDF.pc3,ISO full bleed A2 (594.00 x 420.00 MM),1:1,
C:\GESTIONE GIOVANNI\STRUMENTI E METODI DEL PROGETTO\MO-S_4_STUDIO\BILLY_002-638-50.dwg,A722,13/06/2017 08:45:37,studioarchitetti,_DWG To PDF.pc3,ISO full bleed A2 (594.00 x 420.00 MM),1:1,
C:\GESTIONE GIOVANNI\STRUMENTI E METODI DEL PROGETTO\MO-S_4_STUDIO\BILLY_002-638-50.dwg,A722,13/06/2017 08:50:38,studioarchitetti,_DWG To PDF.pc3,ISO full bleed A2 (594.00 x 420.00 MM),1:1,
C:\GESTIONE GIOVANNI\STRUMENTI E METODI DEL PROGETTO\MO-S_4_STUDIO\BILLY_002-638-50.dwg,A721,13/06/2017 08:50:41,studioarchitetti,_DWG To PDF.pc3,ISO full bleed A2 (594.00 x 420.00 MM),1:1,
C:\GESTIONE GIOVANNI\STRUMENTI E METODI DEL PROGETTO\MO-S_4_STUDIO\BILLY_002-638-50.dwg,A720,13/06/2017 08:50:46,studioarchitetti,_DWG To PDF.pc3,ISO full bleed A2 (594.00 x 420.00 MM),1:1,
C:\GESTIONE GIOVANNI\STRUMENTI E METODI DEL PROGETTO\MO-S_4_STUDIO\BILLY_002-638-50.dwg,A710,13/06/2017 08:50:51,studioarchitetti,_DWG To PDF.pc3,ISO full bleed A2 (594.00 x 420.00 MM),1:1,
C:\GESTIONE GIOVANNI\STRUMENTI E METODI DEL PROGETTO\MO-S_4_STUDIO\JULES_292-077-12_.dwg,710,13/06/2017 08:57:58,studioarchitetti,_DWG To PDF.pc3,ISO full bleed A2 (594.00 x 420.00 MM),1:1,
C:\GESTIONE GIOVANNI\STRUMENTI E METODI DEL PROGETTO\MO-S_4_STUDIO\JULES_292-077-12_.dwg,A730,13/06/2017 08:58:01,studioarchitetti,_DWG To PDF.pc3,ISO full bleed A2 (594.00 x 420.00 MM),1:1,
C:\GESTIONE GIOVANNI\STRUMENTI E METODI DEL PROGETTO\MO-S_4_STUDIO\JULES_292-077-12_.dwg,A731,13/06/2017 08:58:06,studioarchitetti,_DWG To PDF.pc3,ISO full bleed A2 (594.00 x 420.00 MM),1:1,
